2020-10-18 17:14:44 DEBUG logging:28 - Logging Provider: org.jboss.logging.Log4jLoggerProvider
2020-10-18 17:14:44 INFO  Version:44 - HHH000412: Hibernate ORM core version 5.4.21.Final
2020-10-18 17:14:44 INFO  Version:49 - HCANN000001: Hibernate Commons Annotations {5.1.0.Final}
2020-10-18 17:14:45 INFO  Dialect:170 - HHH000400: Using dialect: org.hibernate.dialect.MySQL8Dialect
2020-10-18 17:14:45 DEBUG SQL:128 - drop table if exists User
2020-10-18 17:14:45 DEBUG SQL:128 - create table User (id bigint not null auto_increment, email varchar(255), name varchar(255), primary key (id)) engine=InnoDB
2020-10-18 17:14:45 INFO  JtaPlatformInitiator:52 - HHH000490: Using JtaPlatform implementation: [org.hibernate.engine.transaction.jta.platform.internal.NoJtaPlatform]
2020-10-18 17:14:45 INFO  UserDaoImpl:22 - Calling method add for User(id=null, name=testUser1, email=tes@i.ua)
2020-10-18 17:14:45 DEBUG SQL:128 - insert into User (email, name) values (?, ?)
2020-10-18 17:14:45 INFO  UserDaoImpl:29 - Insert successful for User(id=1, name=testUser1, email=tes@i.ua)
2020-10-18 17:14:45 INFO  UserDaoImpl:22 - Calling method add for User(id=null, name=Bob1, email=1@i.ua)
2020-10-18 17:14:45 DEBUG SQL:128 - insert into User (email, name) values (?, ?)
2020-10-18 17:14:45 INFO  UserDaoImpl:29 - Insert successful for User(id=2, name=Bob1, email=1@i.ua)
2020-10-18 17:14:45 INFO  UserDaoImpl:22 - Calling method add for User(id=null, name=Bob2, email=2@i.ua)
2020-10-18 17:14:45 DEBUG SQL:128 - insert into User (email, name) values (?, ?)
2020-10-18 17:14:45 INFO  UserDaoImpl:29 - Insert successful for User(id=3, name=Bob2, email=2@i.ua)
2020-10-18 17:14:45 INFO  UserDaoImpl:22 - Calling method add for User(id=null, name=Bob3, email=3@i.ua)
2020-10-18 17:14:45 DEBUG SQL:128 - insert into User (email, name) values (?, ?)
2020-10-18 17:14:45 INFO  UserDaoImpl:29 - Insert successful for User(id=4, name=Bob3, email=3@i.ua)
2020-10-18 17:14:45 INFO  UserDaoImpl:22 - Calling method add for User(id=null, name=Bob4, email=4@i.ua)
2020-10-18 17:14:45 DEBUG SQL:128 - insert into User (email, name) values (?, ?)
2020-10-18 17:14:45 INFO  UserDaoImpl:29 - Insert successful for User(id=5, name=Bob4, email=4@i.ua)
2020-10-18 17:14:45 INFO  UserDaoImpl:45 - Calling method listUsers()
2020-10-18 17:14:46 DEBUG SQL:128 - select user0_.id as id1_0_, user0_.email as email2_0_, user0_.name as name3_0_ from User user0_
2020-10-18 17:15:48 DEBUG logging:28 - Logging Provider: org.jboss.logging.Log4jLoggerProvider
2020-10-18 17:15:48 INFO  Version:44 - HHH000412: Hibernate ORM core version 5.4.21.Final
2020-10-18 17:15:48 INFO  Version:49 - HCANN000001: Hibernate Commons Annotations {5.1.0.Final}
2020-10-18 17:15:49 WARN  JdbcEnvironmentInitiator:132 - HHH000342: Could not obtain connection to query metadata : Cannot create PoolableConnectionFactory (Cannot load connection class because of underlying exception: com.mysql.cj.exceptions.WrongArgumentException: Malformed database URL, failed to parse the main URL sections.)
2020-10-18 17:16:21 DEBUG logging:28 - Logging Provider: org.jboss.logging.Log4jLoggerProvider
2020-10-18 17:16:21 INFO  Version:44 - HHH000412: Hibernate ORM core version 5.4.21.Final
2020-10-18 17:16:21 INFO  Version:49 - HCANN000001: Hibernate Commons Annotations {5.1.0.Final}
2020-10-18 17:16:22 INFO  Dialect:170 - HHH000400: Using dialect: org.hibernate.dialect.MySQL8Dialect
2020-10-18 17:16:23 DEBUG SQL:128 - drop table if exists User
2020-10-18 17:16:23 DEBUG SQL:128 - create table User (id bigint not null auto_increment, email varchar(255), name varchar(255), primary key (id)) engine=InnoDB
2020-10-18 17:16:23 INFO  JtaPlatformInitiator:52 - HHH000490: Using JtaPlatform implementation: [org.hibernate.engine.transaction.jta.platform.internal.NoJtaPlatform]
2020-10-18 17:16:23 INFO  UserDaoImpl:22 - Calling method add for User(id=null, name=testUser1, email=tes@i.ua)
2020-10-18 17:16:23 DEBUG SQL:128 - insert into User (email, name) values (?, ?)
2020-10-18 17:16:23 INFO  UserDaoImpl:29 - Insert successful for User(id=1, name=testUser1, email=tes@i.ua)
2020-10-18 17:16:23 INFO  UserDaoImpl:22 - Calling method add for User(id=null, name=Bob1, email=1@i.ua)
2020-10-18 17:16:23 DEBUG SQL:128 - insert into User (email, name) values (?, ?)
2020-10-18 17:16:23 INFO  UserDaoImpl:29 - Insert successful for User(id=2, name=Bob1, email=1@i.ua)
2020-10-18 17:16:23 INFO  UserDaoImpl:22 - Calling method add for User(id=null, name=Bob2, email=2@i.ua)
2020-10-18 17:16:23 DEBUG SQL:128 - insert into User (email, name) values (?, ?)
2020-10-18 17:16:23 INFO  UserDaoImpl:29 - Insert successful for User(id=3, name=Bob2, email=2@i.ua)
2020-10-18 17:16:23 INFO  UserDaoImpl:22 - Calling method add for User(id=null, name=Bob3, email=3@i.ua)
2020-10-18 17:16:23 DEBUG SQL:128 - insert into User (email, name) values (?, ?)
2020-10-18 17:16:23 INFO  UserDaoImpl:29 - Insert successful for User(id=4, name=Bob3, email=3@i.ua)
2020-10-18 17:16:23 INFO  UserDaoImpl:22 - Calling method add for User(id=null, name=Bob4, email=4@i.ua)
2020-10-18 17:16:23 DEBUG SQL:128 - insert into User (email, name) values (?, ?)
2020-10-18 17:16:23 INFO  UserDaoImpl:29 - Insert successful for User(id=5, name=Bob4, email=4@i.ua)
2020-10-18 17:16:23 INFO  UserDaoImpl:45 - Calling method listUsers()
2020-10-18 17:16:23 DEBUG SQL:128 - select user0_.id as id1_0_, user0_.email as email2_0_, user0_.name as name3_0_ from User user0_
2020-10-18 17:18:16 DEBUG logging:28 - Logging Provider: org.jboss.logging.Log4jLoggerProvider
2020-10-18 17:18:16 INFO  Version:44 - HHH000412: Hibernate ORM core version 5.4.21.Final
2020-10-18 17:18:16 INFO  Version:49 - HCANN000001: Hibernate Commons Annotations {5.1.0.Final}
2020-10-18 17:18:17 INFO  Dialect:170 - HHH000400: Using dialect: org.hibernate.dialect.MySQL8Dialect
2020-10-18 17:18:17 DEBUG SQL:128 - drop table if exists User
2020-10-18 17:18:17 DEBUG SQL:128 - create table User (id bigint not null auto_increment, email varchar(255), name varchar(255), primary key (id)) engine=InnoDB
2020-10-18 17:18:18 INFO  JtaPlatformInitiator:52 - HHH000490: Using JtaPlatform implementation: [org.hibernate.engine.transaction.jta.platform.internal.NoJtaPlatform]
2020-10-18 17:18:18 INFO  UserDaoImpl:22 - Calling method add for User{id=null, name='testUser1', email='tes@i.ua'}
2020-10-18 17:18:18 DEBUG SQL:128 - insert into User (email, name) values (?, ?)
2020-10-18 17:18:18 INFO  UserDaoImpl:29 - Insert successful for User{id=1, name='testUser1', email='tes@i.ua'}
2020-10-18 17:18:18 INFO  UserDaoImpl:22 - Calling method add for User{id=null, name='Bob1', email='1@i.ua'}
2020-10-18 17:18:18 DEBUG SQL:128 - insert into User (email, name) values (?, ?)
2020-10-18 17:18:18 INFO  UserDaoImpl:29 - Insert successful for User{id=2, name='Bob1', email='1@i.ua'}
2020-10-18 17:18:18 INFO  UserDaoImpl:22 - Calling method add for User{id=null, name='Bob2', email='2@i.ua'}
2020-10-18 17:18:18 DEBUG SQL:128 - insert into User (email, name) values (?, ?)
2020-10-18 17:18:18 INFO  UserDaoImpl:29 - Insert successful for User{id=3, name='Bob2', email='2@i.ua'}
2020-10-18 17:18:18 INFO  UserDaoImpl:22 - Calling method add for User{id=null, name='Bob3', email='3@i.ua'}
2020-10-18 17:18:18 DEBUG SQL:128 - insert into User (email, name) values (?, ?)
2020-10-18 17:18:18 INFO  UserDaoImpl:29 - Insert successful for User{id=4, name='Bob3', email='3@i.ua'}
2020-10-18 17:18:18 INFO  UserDaoImpl:22 - Calling method add for User{id=null, name='Bob4', email='4@i.ua'}
2020-10-18 17:18:18 DEBUG SQL:128 - insert into User (email, name) values (?, ?)
2020-10-18 17:18:18 INFO  UserDaoImpl:29 - Insert successful for User{id=5, name='Bob4', email='4@i.ua'}
2020-10-18 17:18:18 INFO  UserDaoImpl:45 - Calling method listUsers()
2020-10-18 17:18:18 DEBUG SQL:128 - select user0_.id as id1_0_, user0_.email as email2_0_, user0_.name as name3_0_ from User user0_
2020-10-18 17:23:02 DEBUG logging:28 - Logging Provider: org.jboss.logging.Log4jLoggerProvider
2020-10-18 17:23:02 INFO  Version:44 - HHH000412: Hibernate ORM core version 5.4.21.Final
2020-10-18 17:23:02 INFO  Version:49 - HCANN000001: Hibernate Commons Annotations {5.1.0.Final}
2020-10-18 17:23:03 INFO  Dialect:170 - HHH000400: Using dialect: org.hibernate.dialect.MySQL8Dialect
2020-10-18 17:23:03 DEBUG SQL:128 - drop table if exists User
2020-10-18 17:23:03 DEBUG SQL:128 - create table User (id bigint not null auto_increment, email varchar(255), name varchar(255), primary key (id)) engine=InnoDB
2020-10-18 17:23:03 INFO  JtaPlatformInitiator:52 - HHH000490: Using JtaPlatform implementation: [org.hibernate.engine.transaction.jta.platform.internal.NoJtaPlatform]
2020-10-18 17:23:03 INFO  UserDaoImpl:22 - Calling method add for User(id=null, name=testUser1, email=tes@i.ua)
2020-10-18 17:23:03 DEBUG SQL:128 - insert into User (email, name) values (?, ?)
2020-10-18 17:23:03 INFO  UserDaoImpl:29 - Insert successful for User(id=1, name=testUser1, email=tes@i.ua)
2020-10-18 17:23:03 INFO  UserDaoImpl:22 - Calling method add for User(id=null, name=Bob1, email=1@i.ua)
2020-10-18 17:23:03 DEBUG SQL:128 - insert into User (email, name) values (?, ?)
2020-10-18 17:23:03 INFO  UserDaoImpl:29 - Insert successful for User(id=2, name=Bob1, email=1@i.ua)
2020-10-18 17:23:03 INFO  UserDaoImpl:22 - Calling method add for User(id=null, name=Bob2, email=2@i.ua)
2020-10-18 17:23:03 DEBUG SQL:128 - insert into User (email, name) values (?, ?)
2020-10-18 17:23:03 INFO  UserDaoImpl:29 - Insert successful for User(id=3, name=Bob2, email=2@i.ua)
2020-10-18 17:23:03 INFO  UserDaoImpl:22 - Calling method add for User(id=null, name=Bob3, email=3@i.ua)
2020-10-18 17:23:03 DEBUG SQL:128 - insert into User (email, name) values (?, ?)
2020-10-18 17:23:03 INFO  UserDaoImpl:29 - Insert successful for User(id=4, name=Bob3, email=3@i.ua)
2020-10-18 17:23:03 INFO  UserDaoImpl:22 - Calling method add for User(id=null, name=Bob4, email=4@i.ua)
2020-10-18 17:23:03 DEBUG SQL:128 - insert into User (email, name) values (?, ?)
2020-10-18 17:23:03 INFO  UserDaoImpl:29 - Insert successful for User(id=5, name=Bob4, email=4@i.ua)
2020-10-18 17:23:03 INFO  UserDaoImpl:45 - Calling method listUsers()
2020-10-18 17:23:03 DEBUG SQL:128 - select user0_.id as id1_0_, user0_.email as email2_0_, user0_.name as name3_0_ from User user0_
2020-10-18 17:31:14 DEBUG logging:28 - Logging Provider: org.jboss.logging.Log4jLoggerProvider
2020-10-18 17:31:14 INFO  Version:44 - HHH000412: Hibernate ORM core version 5.4.21.Final
2020-10-18 17:31:14 INFO  Version:49 - HCANN000001: Hibernate Commons Annotations {5.1.0.Final}
2020-10-18 17:31:15 INFO  Dialect:170 - HHH000400: Using dialect: org.hibernate.dialect.MySQL5Dialect
2020-10-18 17:31:16 DEBUG SQL:128 - 
    
    drop table if exists User
2020-10-18 17:31:16 DEBUG SQL:128 - 
    
    create table User (
       id bigint not null auto_increment,
        email varchar(255),
        name varchar(255),
        primary key (id)
    ) engine=MyISAM
2020-10-18 17:31:16 INFO  JtaPlatformInitiator:52 - HHH000490: Using JtaPlatform implementation: [org.hibernate.engine.transaction.jta.platform.internal.NoJtaPlatform]
2020-10-18 17:31:16 INFO  UserDaoImpl:22 - Calling method add for User(id=null, name=testUser1, email=tes@i.ua)
2020-10-18 17:31:16 DEBUG SQL:128 - 
    insert 
    into
        User
        (email, name) 
    values
        (?, ?)
2020-10-18 17:31:16 INFO  UserDaoImpl:29 - Insert successful for User(id=1, name=testUser1, email=tes@i.ua)
2020-10-18 17:31:16 INFO  UserDaoImpl:22 - Calling method add for User(id=null, name=Bob1, email=1@i.ua)
2020-10-18 17:31:16 DEBUG SQL:128 - 
    insert 
    into
        User
        (email, name) 
    values
        (?, ?)
2020-10-18 17:31:16 INFO  UserDaoImpl:29 - Insert successful for User(id=2, name=Bob1, email=1@i.ua)
2020-10-18 17:31:16 INFO  UserDaoImpl:22 - Calling method add for User(id=null, name=Bob2, email=2@i.ua)
2020-10-18 17:31:16 DEBUG SQL:128 - 
    insert 
    into
        User
        (email, name) 
    values
        (?, ?)
2020-10-18 17:31:16 INFO  UserDaoImpl:29 - Insert successful for User(id=3, name=Bob2, email=2@i.ua)
2020-10-18 17:31:16 INFO  UserDaoImpl:22 - Calling method add for User(id=null, name=Bob3, email=3@i.ua)
2020-10-18 17:31:16 DEBUG SQL:128 - 
    insert 
    into
        User
        (email, name) 
    values
        (?, ?)
2020-10-18 17:31:16 INFO  UserDaoImpl:29 - Insert successful for User(id=4, name=Bob3, email=3@i.ua)
2020-10-18 17:31:16 INFO  UserDaoImpl:22 - Calling method add for User(id=null, name=Bob4, email=4@i.ua)
2020-10-18 17:31:16 DEBUG SQL:128 - 
    insert 
    into
        User
        (email, name) 
    values
        (?, ?)
2020-10-18 17:31:16 INFO  UserDaoImpl:29 - Insert successful for User(id=5, name=Bob4, email=4@i.ua)
2020-10-18 17:31:16 INFO  UserDaoImpl:45 - Calling method listUsers()
2020-10-18 17:31:16 DEBUG SQL:128 - 
    select
        user0_.id as id1_0_,
        user0_.email as email2_0_,
        user0_.name as name3_0_ 
    from
        User user0_
2020-10-18 17:31:16 INFO  Main:1510 - User(id=1, name=testUser1, email=tes@i.ua)
2020-10-18 17:31:16 INFO  Main:1510 - User(id=2, name=Bob1, email=1@i.ua)
2020-10-18 17:31:16 INFO  Main:1510 - User(id=3, name=Bob2, email=2@i.ua)
2020-10-18 17:31:16 INFO  Main:1510 - User(id=4, name=Bob3, email=3@i.ua)
2020-10-18 17:31:16 INFO  Main:1510 - User(id=5, name=Bob4, email=4@i.ua)
2020-10-18 17:51:51 DEBUG logging:28 - Logging Provider: org.jboss.logging.Log4jLoggerProvider
2020-10-18 17:51:51 INFO  Version:44 - HHH000412: Hibernate ORM core version 5.4.21.Final
2020-10-18 17:51:51 INFO  Version:49 - HCANN000001: Hibernate Commons Annotations {5.1.0.Final}
2020-10-18 17:51:52 INFO  Dialect:170 - HHH000400: Using dialect: org.hibernate.dialect.MySQL5Dialect
2020-10-18 17:51:52 DEBUG SQL:128 - 
    
    drop table if exists User
2020-10-18 17:51:52 DEBUG SQL:128 - 
    
    create table User (
       id bigint not null auto_increment,
        email varchar(255),
        name varchar(255),
        primary key (id)
    ) engine=MyISAM
2020-10-18 17:51:52 INFO  JtaPlatformInitiator:52 - HHH000490: Using JtaPlatform implementation: [org.hibernate.engine.transaction.jta.platform.internal.NoJtaPlatform]
2020-10-18 17:51:52 INFO  UserDaoImpl:22 - Calling method add for User(id=null, name=testUser1, email=tes@i.ua)
2020-10-18 17:51:52 DEBUG SQL:128 - 
    insert 
    into
        User
        (email, name) 
    values
        (?, ?)
2020-10-18 17:51:52 INFO  UserDaoImpl:29 - Insert successful for User(id=1, name=testUser1, email=tes@i.ua)
2020-10-18 17:51:52 INFO  UserDaoImpl:22 - Calling method add for User(id=null, name=Bob1, email=1@i.ua)
2020-10-18 17:51:52 DEBUG SQL:128 - 
    insert 
    into
        User
        (email, name) 
    values
        (?, ?)
2020-10-18 17:51:52 INFO  UserDaoImpl:29 - Insert successful for User(id=2, name=Bob1, email=1@i.ua)
2020-10-18 17:51:52 INFO  UserDaoImpl:22 - Calling method add for User(id=null, name=Bob2, email=2@i.ua)
2020-10-18 17:51:52 DEBUG SQL:128 - 
    insert 
    into
        User
        (email, name) 
    values
        (?, ?)
2020-10-18 17:51:52 INFO  UserDaoImpl:29 - Insert successful for User(id=3, name=Bob2, email=2@i.ua)
2020-10-18 17:51:52 INFO  UserDaoImpl:22 - Calling method add for User(id=null, name=Bob3, email=3@i.ua)
2020-10-18 17:51:52 DEBUG SQL:128 - 
    insert 
    into
        User
        (email, name) 
    values
        (?, ?)
2020-10-18 17:51:52 INFO  UserDaoImpl:29 - Insert successful for User(id=4, name=Bob3, email=3@i.ua)
2020-10-18 17:51:52 INFO  UserDaoImpl:22 - Calling method add for User(id=null, name=Bob4, email=4@i.ua)
2020-10-18 17:51:52 DEBUG SQL:128 - 
    insert 
    into
        User
        (email, name) 
    values
        (?, ?)
2020-10-18 17:51:52 INFO  UserDaoImpl:29 - Insert successful for User(id=5, name=Bob4, email=4@i.ua)
2020-10-18 17:51:52 INFO  UserDaoImpl:45 - Calling method listUsers()
2020-10-18 17:51:53 DEBUG SQL:128 - 
    select
        user0_.id as id1_0_,
        user0_.email as email2_0_,
        user0_.name as name3_0_ 
    from
        User user0_
2020-10-18 17:51:53 INFO  Main:1510 - User(id=1, name=testUser1, email=tes@i.ua)
2020-10-18 17:51:53 INFO  Main:1510 - User(id=2, name=Bob1, email=1@i.ua)
2020-10-18 17:51:53 INFO  Main:1510 - User(id=3, name=Bob2, email=2@i.ua)
2020-10-18 17:51:53 INFO  Main:1510 - User(id=4, name=Bob3, email=3@i.ua)
2020-10-18 17:51:53 INFO  Main:1510 - User(id=5, name=Bob4, email=4@i.ua)
2020-10-18 17:54:13 INFO  Version:44 - HHH000412: Hibernate ORM core version 5.4.21.Final
2020-10-18 17:54:14 INFO  Version:49 - HCANN000001: Hibernate Commons Annotations {5.1.0.Final}
2020-10-18 17:54:14 INFO  Dialect:170 - HHH000400: Using dialect: org.hibernate.dialect.MySQL5Dialect
2020-10-18 17:54:15 DEBUG SQL:128 - 
    
    drop table if exists User
2020-10-18 17:54:15 DEBUG SQL:128 - 
    
    create table User (
       id bigint not null auto_increment,
        email varchar(255),
        name varchar(255),
        primary key (id)
    ) engine=MyISAM
2020-10-18 17:54:15 INFO  JtaPlatformInitiator:52 - HHH000490: Using JtaPlatform implementation: [org.hibernate.engine.transaction.jta.platform.internal.NoJtaPlatform]
2020-10-18 17:54:15 INFO  UserDaoImpl:22 - Calling method add for User(id=null, name=testUser1, email=tes@i.ua)
2020-10-18 17:54:15 DEBUG SQL:128 - 
    insert 
    into
        User
        (email, name) 
    values
        (?, ?)
2020-10-18 17:54:15 INFO  UserDaoImpl:29 - Insert successful for User(id=1, name=testUser1, email=tes@i.ua)
2020-10-18 17:54:15 INFO  UserDaoImpl:22 - Calling method add for User(id=null, name=Bob1, email=1@i.ua)
2020-10-18 17:54:15 DEBUG SQL:128 - 
    insert 
    into
        User
        (email, name) 
    values
        (?, ?)
2020-10-18 17:54:15 INFO  UserDaoImpl:29 - Insert successful for User(id=2, name=Bob1, email=1@i.ua)
2020-10-18 17:54:15 INFO  UserDaoImpl:22 - Calling method add for User(id=null, name=Bob2, email=2@i.ua)
2020-10-18 17:54:15 DEBUG SQL:128 - 
    insert 
    into
        User
        (email, name) 
    values
        (?, ?)
2020-10-18 17:54:15 INFO  UserDaoImpl:29 - Insert successful for User(id=3, name=Bob2, email=2@i.ua)
2020-10-18 17:54:15 INFO  UserDaoImpl:22 - Calling method add for User(id=null, name=Bob3, email=3@i.ua)
2020-10-18 17:54:15 DEBUG SQL:128 - 
    insert 
    into
        User
        (email, name) 
    values
        (?, ?)
2020-10-18 17:54:15 INFO  UserDaoImpl:29 - Insert successful for User(id=4, name=Bob3, email=3@i.ua)
2020-10-18 17:54:15 INFO  UserDaoImpl:22 - Calling method add for User(id=null, name=Bob4, email=4@i.ua)
2020-10-18 17:54:15 DEBUG SQL:128 - 
    insert 
    into
        User
        (email, name) 
    values
        (?, ?)
2020-10-18 17:54:15 INFO  UserDaoImpl:29 - Insert successful for User(id=5, name=Bob4, email=4@i.ua)
2020-10-18 17:54:15 INFO  UserDaoImpl:45 - Calling method listUsers()
2020-10-18 17:54:15 DEBUG SQL:128 - 
    select
        user0_.id as id1_0_,
        user0_.email as email2_0_,
        user0_.name as name3_0_ 
    from
        User user0_
2020-10-18 17:54:15 INFO  Main:1510 - User(id=1, name=testUser1, email=tes@i.ua)
2020-10-18 17:54:15 INFO  Main:1510 - User(id=2, name=Bob1, email=1@i.ua)
2020-10-18 17:54:15 INFO  Main:1510 - User(id=3, name=Bob2, email=2@i.ua)
2020-10-18 17:54:15 INFO  Main:1510 - User(id=4, name=Bob3, email=3@i.ua)
2020-10-18 17:54:15 INFO  Main:1510 - User(id=5, name=Bob4, email=4@i.ua)
2020-10-18 17:54:33 INFO  Version:44 - HHH000412: Hibernate ORM core version 5.4.21.Final
2020-10-18 17:54:33 INFO  Version:49 - HCANN000001: Hibernate Commons Annotations {5.1.0.Final}
2020-10-18 17:54:34 INFO  Dialect:170 - HHH000400: Using dialect: org.hibernate.dialect.MySQL5Dialect
2020-10-18 17:54:34 DEBUG SQL:128 - 
    
    drop table if exists User
2020-10-18 17:54:34 DEBUG SQL:128 - 
    
    create table User (
       id bigint not null auto_increment,
        email varchar(255),
        name varchar(255),
        primary key (id)
    ) engine=MyISAM
2020-10-18 17:54:34 INFO  JtaPlatformInitiator:52 - HHH000490: Using JtaPlatform implementation: [org.hibernate.engine.transaction.jta.platform.internal.NoJtaPlatform]
2020-10-18 17:54:34 INFO  UserDaoImpl:22 - Calling method add for User(id=null, name=testUser1, email=tes@i.ua)
2020-10-18 17:54:34 DEBUG SQL:128 - 
    insert 
    into
        User
        (email, name) 
    values
        (?, ?)
2020-10-18 17:54:34 INFO  UserDaoImpl:29 - Insert successful for User(id=1, name=testUser1, email=tes@i.ua)
2020-10-18 17:54:34 INFO  UserDaoImpl:22 - Calling method add for User(id=null, name=Bob1, email=1@i.ua)
2020-10-18 17:54:34 DEBUG SQL:128 - 
    insert 
    into
        User
        (email, name) 
    values
        (?, ?)
2020-10-18 17:54:34 INFO  UserDaoImpl:29 - Insert successful for User(id=2, name=Bob1, email=1@i.ua)
2020-10-18 17:54:34 INFO  UserDaoImpl:22 - Calling method add for User(id=null, name=Bob2, email=2@i.ua)
2020-10-18 17:54:34 DEBUG SQL:128 - 
    insert 
    into
        User
        (email, name) 
    values
        (?, ?)
2020-10-18 17:54:34 INFO  UserDaoImpl:29 - Insert successful for User(id=3, name=Bob2, email=2@i.ua)
2020-10-18 17:54:34 INFO  UserDaoImpl:22 - Calling method add for User(id=null, name=Bob3, email=3@i.ua)
2020-10-18 17:54:34 DEBUG SQL:128 - 
    insert 
    into
        User
        (email, name) 
    values
        (?, ?)
2020-10-18 17:54:34 INFO  UserDaoImpl:29 - Insert successful for User(id=4, name=Bob3, email=3@i.ua)
2020-10-18 17:54:34 INFO  UserDaoImpl:22 - Calling method add for User(id=null, name=Bob4, email=4@i.ua)
2020-10-18 17:54:34 DEBUG SQL:128 - 
    insert 
    into
        User
        (email, name) 
    values
        (?, ?)
2020-10-18 17:54:34 INFO  UserDaoImpl:29 - Insert successful for User(id=5, name=Bob4, email=4@i.ua)
2020-10-18 17:54:34 INFO  UserDaoImpl:45 - Calling method listUsers()
2020-10-18 17:54:35 DEBUG SQL:128 - 
    select
        user0_.id as id1_0_,
        user0_.email as email2_0_,
        user0_.name as name3_0_ 
    from
        User user0_
2020-10-18 17:54:35 INFO  Main:1510 - User(id=1, name=testUser1, email=tes@i.ua)
2020-10-18 17:54:35 INFO  Main:1510 - User(id=2, name=Bob1, email=1@i.ua)
2020-10-18 17:54:35 INFO  Main:1510 - User(id=3, name=Bob2, email=2@i.ua)
2020-10-18 17:54:35 INFO  Main:1510 - User(id=4, name=Bob3, email=3@i.ua)
2020-10-18 17:54:35 INFO  Main:1510 - User(id=5, name=Bob4, email=4@i.ua)
2020-10-18 17:55:28 INFO  Version:44 - HHH000412: Hibernate ORM core version 5.4.21.Final
2020-10-18 17:55:28 INFO  Version:49 - HCANN000001: Hibernate Commons Annotations {5.1.0.Final}
2020-10-18 17:55:29 INFO  Dialect:170 - HHH000400: Using dialect: org.hibernate.dialect.MySQL5Dialect
2020-10-18 17:55:29 DEBUG SQL:128 - 
    
    drop table if exists User
2020-10-18 17:55:29 DEBUG SQL:128 - 
    
    create table User (
       id bigint not null auto_increment,
        email varchar(255),
        name varchar(255),
        primary key (id)
    ) engine=MyISAM
2020-10-18 17:55:29 INFO  JtaPlatformInitiator:52 - HHH000490: Using JtaPlatform implementation: [org.hibernate.engine.transaction.jta.platform.internal.NoJtaPlatform]
2020-10-18 17:55:29 INFO  UserDaoImpl:22 - Calling method add for User(id=null, name=testUser1, email=tes@i.ua)
2020-10-18 17:55:29 DEBUG SQL:128 - 
    insert 
    into
        User
        (email, name) 
    values
        (?, ?)
2020-10-18 17:55:29 INFO  UserDaoImpl:29 - Insert successful for User(id=1, name=testUser1, email=tes@i.ua)
2020-10-18 17:55:29 INFO  UserDaoImpl:22 - Calling method add for User(id=null, name=Bob1, email=1@i.ua)
2020-10-18 17:55:29 DEBUG SQL:128 - 
    insert 
    into
        User
        (email, name) 
    values
        (?, ?)
2020-10-18 17:55:30 INFO  UserDaoImpl:29 - Insert successful for User(id=2, name=Bob1, email=1@i.ua)
2020-10-18 17:55:30 INFO  UserDaoImpl:22 - Calling method add for User(id=null, name=Bob2, email=2@i.ua)
2020-10-18 17:55:30 DEBUG SQL:128 - 
    insert 
    into
        User
        (email, name) 
    values
        (?, ?)
2020-10-18 17:55:30 INFO  UserDaoImpl:29 - Insert successful for User(id=3, name=Bob2, email=2@i.ua)
2020-10-18 17:55:30 INFO  UserDaoImpl:22 - Calling method add for User(id=null, name=Bob3, email=3@i.ua)
2020-10-18 17:55:30 DEBUG SQL:128 - 
    insert 
    into
        User
        (email, name) 
    values
        (?, ?)
2020-10-18 17:55:30 INFO  UserDaoImpl:29 - Insert successful for User(id=4, name=Bob3, email=3@i.ua)
2020-10-18 17:55:30 INFO  UserDaoImpl:22 - Calling method add for User(id=null, name=Bob4, email=4@i.ua)
2020-10-18 17:55:30 DEBUG SQL:128 - 
    insert 
    into
        User
        (email, name) 
    values
        (?, ?)
2020-10-18 17:55:30 INFO  UserDaoImpl:29 - Insert successful for User(id=5, name=Bob4, email=4@i.ua)
2020-10-18 17:55:30 INFO  UserDaoImpl:45 - Calling method listUsers()
2020-10-18 17:55:30 DEBUG SQL:128 - 
    select
        user0_.id as id1_0_,
        user0_.email as email2_0_,
        user0_.name as name3_0_ 
    from
        User user0_
2020-10-18 17:55:30 INFO  Main:1510 - User(id=1, name=testUser1, email=tes@i.ua)
2020-10-18 17:55:30 INFO  Main:1510 - User(id=2, name=Bob1, email=1@i.ua)
2020-10-18 17:55:30 INFO  Main:1510 - User(id=3, name=Bob2, email=2@i.ua)
2020-10-18 17:55:30 INFO  Main:1510 - User(id=4, name=Bob3, email=3@i.ua)
2020-10-18 17:55:30 INFO  Main:1510 - User(id=5, name=Bob4, email=4@i.ua)
2020-10-18 17:56:17 INFO  Version:44 - HHH000412: Hibernate ORM core version 5.4.21.Final
2020-10-18 17:56:17 INFO  Version:49 - HCANN000001: Hibernate Commons Annotations {5.1.0.Final}
2020-10-18 17:56:18 INFO  Dialect:170 - HHH000400: Using dialect: org.hibernate.dialect.MySQL5Dialect
2020-10-18 17:56:19 DEBUG SQL:128 - 
    
    drop table if exists User
2020-10-18 17:56:19 DEBUG SQL:128 - 
    
    create table User (
       id bigint not null auto_increment,
        email varchar(255),
        name varchar(255),
        primary key (id)
    ) engine=MyISAM
2020-10-18 17:56:19 INFO  JtaPlatformInitiator:52 - HHH000490: Using JtaPlatform implementation: [org.hibernate.engine.transaction.jta.platform.internal.NoJtaPlatform]
2020-10-18 17:56:19 INFO  UserDaoImpl:22 - Calling method add for User(id=null, name=testUser1, email=tes@i.ua)
2020-10-18 17:56:19 DEBUG SQL:128 - 
    insert 
    into
        User
        (email, name) 
    values
        (?, ?)
2020-10-18 17:56:19 INFO  UserDaoImpl:29 - Insert successful for User(id=1, name=testUser1, email=tes@i.ua)
2020-10-18 17:56:19 INFO  UserDaoImpl:22 - Calling method add for User(id=null, name=Bob1, email=1@i.ua)
2020-10-18 17:56:19 DEBUG SQL:128 - 
    insert 
    into
        User
        (email, name) 
    values
        (?, ?)
2020-10-18 17:56:19 INFO  UserDaoImpl:29 - Insert successful for User(id=2, name=Bob1, email=1@i.ua)
2020-10-18 17:56:19 INFO  UserDaoImpl:22 - Calling method add for User(id=null, name=Bob2, email=2@i.ua)
2020-10-18 17:56:19 DEBUG SQL:128 - 
    insert 
    into
        User
        (email, name) 
    values
        (?, ?)
2020-10-18 17:56:19 INFO  UserDaoImpl:29 - Insert successful for User(id=3, name=Bob2, email=2@i.ua)
2020-10-18 17:56:19 INFO  UserDaoImpl:22 - Calling method add for User(id=null, name=Bob3, email=3@i.ua)
2020-10-18 17:56:19 DEBUG SQL:128 - 
    insert 
    into
        User
        (email, name) 
    values
        (?, ?)
2020-10-18 17:56:19 INFO  UserDaoImpl:29 - Insert successful for User(id=4, name=Bob3, email=3@i.ua)
2020-10-18 17:56:19 INFO  UserDaoImpl:22 - Calling method add for User(id=null, name=Bob4, email=4@i.ua)
2020-10-18 17:56:19 DEBUG SQL:128 - 
    insert 
    into
        User
        (email, name) 
    values
        (?, ?)
2020-10-18 17:56:19 INFO  UserDaoImpl:29 - Insert successful for User(id=5, name=Bob4, email=4@i.ua)
2020-10-18 17:56:19 INFO  UserDaoImpl:45 - Calling method listUsers()
2020-10-18 17:56:19 DEBUG SQL:128 - 
    select
        user0_.id as id1_0_,
        user0_.email as email2_0_,
        user0_.name as name3_0_ 
    from
        User user0_
2020-10-18 17:56:19 INFO  Main:1510 - User(id=1, name=testUser1, email=tes@i.ua)
2020-10-18 17:56:19 INFO  Main:1510 - User(id=2, name=Bob1, email=1@i.ua)
2020-10-18 17:56:19 INFO  Main:1510 - User(id=3, name=Bob2, email=2@i.ua)
2020-10-18 17:56:19 INFO  Main:1510 - User(id=4, name=Bob3, email=3@i.ua)
2020-10-18 17:56:19 INFO  Main:1510 - User(id=5, name=Bob4, email=4@i.ua)
2020-10-18 18:01:31 INFO  Version:44 - HHH000412: Hibernate ORM core version 5.4.21.Final
2020-10-18 18:01:31 INFO  Version:49 - HCANN000001: Hibernate Commons Annotations {5.1.0.Final}
2020-10-18 18:01:31 INFO  Dialect:170 - HHH000400: Using dialect: org.hibernate.dialect.MySQL5Dialect
2020-10-18 18:01:32 DEBUG SQL:128 - 
    
    drop table if exists User
2020-10-18 18:01:32 DEBUG SQL:128 - 
    
    create table User (
       id bigint not null auto_increment,
        email varchar(255),
        name varchar(255),
        primary key (id)
    ) engine=MyISAM
2020-10-18 18:01:32 INFO  JtaPlatformInitiator:52 - HHH000490: Using JtaPlatform implementation: [org.hibernate.engine.transaction.jta.platform.internal.NoJtaPlatform]
2020-10-18 18:01:32 INFO  UserDaoImpl:22 - Calling method add for User(id=null, name=testUser1, email=tes@i.ua)
2020-10-18 18:01:32 DEBUG SQL:128 - 
    insert 
    into
        User
        (email, name) 
    values
        (?, ?)
2020-10-18 18:01:32 INFO  UserDaoImpl:29 - Insert successful for User(id=1, name=testUser1, email=tes@i.ua)
2020-10-18 18:01:32 INFO  UserDaoImpl:22 - Calling method add for User(id=null, name=Bob1, email=1@i.ua)
2020-10-18 18:01:32 DEBUG SQL:128 - 
    insert 
    into
        User
        (email, name) 
    values
        (?, ?)
2020-10-18 18:01:32 INFO  UserDaoImpl:29 - Insert successful for User(id=2, name=Bob1, email=1@i.ua)
2020-10-18 18:01:32 INFO  UserDaoImpl:22 - Calling method add for User(id=null, name=Bob2, email=2@i.ua)
2020-10-18 18:01:32 DEBUG SQL:128 - 
    insert 
    into
        User
        (email, name) 
    values
        (?, ?)
2020-10-18 18:01:32 INFO  UserDaoImpl:29 - Insert successful for User(id=3, name=Bob2, email=2@i.ua)
2020-10-18 18:01:32 INFO  UserDaoImpl:22 - Calling method add for User(id=null, name=Bob3, email=3@i.ua)
2020-10-18 18:01:32 DEBUG SQL:128 - 
    insert 
    into
        User
        (email, name) 
    values
        (?, ?)
2020-10-18 18:01:32 INFO  UserDaoImpl:29 - Insert successful for User(id=4, name=Bob3, email=3@i.ua)
2020-10-18 18:01:32 INFO  UserDaoImpl:22 - Calling method add for User(id=null, name=Bob4, email=4@i.ua)
2020-10-18 18:01:32 DEBUG SQL:128 - 
    insert 
    into
        User
        (email, name) 
    values
        (?, ?)
2020-10-18 18:01:32 INFO  UserDaoImpl:29 - Insert successful for User(id=5, name=Bob4, email=4@i.ua)
2020-10-18 18:01:32 INFO  UserDaoImpl:45 - Calling method listUsers()
2020-10-18 18:01:32 DEBUG SQL:128 - 
    select
        user0_.id as id1_0_,
        user0_.email as email2_0_,
        user0_.name as name3_0_ 
    from
        User user0_
2020-10-18 18:01:32 INFO  Main:1510 - User(id=1, name=testUser1, email=tes@i.ua)
2020-10-18 18:01:32 INFO  Main:1510 - User(id=2, name=Bob1, email=1@i.ua)
2020-10-18 18:01:32 INFO  Main:1510 - User(id=3, name=Bob2, email=2@i.ua)
2020-10-18 18:01:32 INFO  Main:1510 - User(id=4, name=Bob3, email=3@i.ua)
2020-10-18 18:01:32 INFO  Main:1510 - User(id=5, name=Bob4, email=4@i.ua)
2020-10-18 18:01:48 INFO  Version:44 - HHH000412: Hibernate ORM core version 5.4.21.Final
2020-10-18 18:01:48 INFO  Version:49 - HCANN000001: Hibernate Commons Annotations {5.1.0.Final}
2020-10-18 18:01:49 INFO  Dialect:170 - HHH000400: Using dialect: org.hibernate.dialect.MySQL5Dialect
2020-10-18 18:01:49 DEBUG SQL:128 - 
    
    drop table if exists User
2020-10-18 18:01:49 DEBUG SQL:128 - 
    
    create table User (
       id bigint not null auto_increment,
        email varchar(255),
        name varchar(255),
        primary key (id)
    ) engine=MyISAM
2020-10-18 18:01:49 INFO  JtaPlatformInitiator:52 - HHH000490: Using JtaPlatform implementation: [org.hibernate.engine.transaction.jta.platform.internal.NoJtaPlatform]
2020-10-18 18:01:49 INFO  UserDaoImpl:22 - Calling method add for User(id=null, name=testUser1, email=tes@i.ua)
2020-10-18 18:01:49 DEBUG SQL:128 - 
    insert 
    into
        User
        (email, name) 
    values
        (?, ?)
2020-10-18 18:01:49 INFO  UserDaoImpl:29 - Insert successful for User(id=1, name=testUser1, email=tes@i.ua)
2020-10-18 18:01:49 INFO  UserDaoImpl:22 - Calling method add for User(id=null, name=Bob1, email=1@i.ua)
2020-10-18 18:01:49 DEBUG SQL:128 - 
    insert 
    into
        User
        (email, name) 
    values
        (?, ?)
2020-10-18 18:01:49 INFO  UserDaoImpl:29 - Insert successful for User(id=2, name=Bob1, email=1@i.ua)
2020-10-18 18:01:49 INFO  UserDaoImpl:22 - Calling method add for User(id=null, name=Bob2, email=2@i.ua)
2020-10-18 18:01:49 DEBUG SQL:128 - 
    insert 
    into
        User
        (email, name) 
    values
        (?, ?)
2020-10-18 18:01:49 INFO  UserDaoImpl:29 - Insert successful for User(id=3, name=Bob2, email=2@i.ua)
2020-10-18 18:01:49 INFO  UserDaoImpl:22 - Calling method add for User(id=null, name=Bob3, email=3@i.ua)
2020-10-18 18:01:49 DEBUG SQL:128 - 
    insert 
    into
        User
        (email, name) 
    values
        (?, ?)
2020-10-18 18:01:49 INFO  UserDaoImpl:29 - Insert successful for User(id=4, name=Bob3, email=3@i.ua)
2020-10-18 18:01:49 INFO  UserDaoImpl:22 - Calling method add for User(id=null, name=Bob4, email=4@i.ua)
2020-10-18 18:01:49 DEBUG SQL:128 - 
    insert 
    into
        User
        (email, name) 
    values
        (?, ?)
2020-10-18 18:01:49 INFO  UserDaoImpl:29 - Insert successful for User(id=5, name=Bob4, email=4@i.ua)
2020-10-18 18:01:49 INFO  UserDaoImpl:45 - Calling method listUsers()
2020-10-18 18:01:49 DEBUG SQL:128 - 
    select
        user0_.id as id1_0_,
        user0_.email as email2_0_,
        user0_.name as name3_0_ 
    from
        User user0_
2020-10-18 18:01:49 INFO  Main:1510 - User(id=1, name=testUser1, email=tes@i.ua)
2020-10-18 18:01:49 INFO  Main:1510 - User(id=2, name=Bob1, email=1@i.ua)
2020-10-18 18:01:49 INFO  Main:1510 - User(id=3, name=Bob2, email=2@i.ua)
2020-10-18 18:01:49 INFO  Main:1510 - User(id=4, name=Bob3, email=3@i.ua)
2020-10-18 18:01:49 INFO  Main:1510 - User(id=5, name=Bob4, email=4@i.ua)
2020-10-18 18:02:29 INFO  Version:44 - HHH000412: Hibernate ORM core version 5.4.21.Final
2020-10-18 18:02:29 INFO  Version:49 - HCANN000001: Hibernate Commons Annotations {5.1.0.Final}
2020-10-18 18:02:30 INFO  Dialect:170 - HHH000400: Using dialect: org.hibernate.dialect.MySQL5Dialect
2020-10-18 18:02:30 DEBUG SQL:128 - 
    
    drop table if exists User
2020-10-18 18:02:30 DEBUG SQL:128 - 
    
    create table User (
       id bigint not null auto_increment,
        email varchar(255),
        name varchar(255),
        primary key (id)
    ) engine=MyISAM
2020-10-18 18:02:30 INFO  JtaPlatformInitiator:52 - HHH000490: Using JtaPlatform implementation: [org.hibernate.engine.transaction.jta.platform.internal.NoJtaPlatform]
2020-10-18 18:02:30 INFO  UserDaoImpl:22 - Calling method add for User(id=null, name=testUser1, email=tes@i.ua)
2020-10-18 18:02:30 DEBUG SQL:128 - 
    insert 
    into
        User
        (email, name) 
    values
        (?, ?)
2020-10-18 18:02:30 INFO  UserDaoImpl:29 - Insert successful for User(id=1, name=testUser1, email=tes@i.ua)
2020-10-18 18:02:30 INFO  UserDaoImpl:22 - Calling method add for User(id=null, name=Bob1, email=1@i.ua)
2020-10-18 18:02:30 DEBUG SQL:128 - 
    insert 
    into
        User
        (email, name) 
    values
        (?, ?)
2020-10-18 18:02:30 INFO  UserDaoImpl:29 - Insert successful for User(id=2, name=Bob1, email=1@i.ua)
2020-10-18 18:02:30 INFO  UserDaoImpl:22 - Calling method add for User(id=null, name=Bob2, email=2@i.ua)
2020-10-18 18:02:30 DEBUG SQL:128 - 
    insert 
    into
        User
        (email, name) 
    values
        (?, ?)
2020-10-18 18:02:30 INFO  UserDaoImpl:29 - Insert successful for User(id=3, name=Bob2, email=2@i.ua)
2020-10-18 18:02:30 INFO  UserDaoImpl:22 - Calling method add for User(id=null, name=Bob3, email=3@i.ua)
2020-10-18 18:02:30 DEBUG SQL:128 - 
    insert 
    into
        User
        (email, name) 
    values
        (?, ?)
2020-10-18 18:02:30 INFO  UserDaoImpl:29 - Insert successful for User(id=4, name=Bob3, email=3@i.ua)
2020-10-18 18:02:30 INFO  UserDaoImpl:22 - Calling method add for User(id=null, name=Bob4, email=4@i.ua)
2020-10-18 18:02:30 DEBUG SQL:128 - 
    insert 
    into
        User
        (email, name) 
    values
        (?, ?)
2020-10-18 18:02:30 INFO  UserDaoImpl:29 - Insert successful for User(id=5, name=Bob4, email=4@i.ua)
2020-10-18 18:02:30 INFO  UserDaoImpl:45 - Calling method listUsers()
2020-10-18 18:02:30 DEBUG SQL:128 - 
    select
        user0_.id as id1_0_,
        user0_.email as email2_0_,
        user0_.name as name3_0_ 
    from
        User user0_
2020-10-18 18:02:30 INFO  Main:1510 - User(id=1, name=testUser1, email=tes@i.ua)
2020-10-18 18:02:30 INFO  Main:1510 - User(id=2, name=Bob1, email=1@i.ua)
2020-10-18 18:02:30 INFO  Main:1510 - User(id=3, name=Bob2, email=2@i.ua)
2020-10-18 18:02:30 INFO  Main:1510 - User(id=4, name=Bob3, email=3@i.ua)
2020-10-18 18:02:30 INFO  Main:1510 - User(id=5, name=Bob4, email=4@i.ua)
2020-10-18 18:02:42 INFO  Version:44 - HHH000412: Hibernate ORM core version 5.4.21.Final
2020-10-18 18:02:42 INFO  Version:49 - HCANN000001: Hibernate Commons Annotations {5.1.0.Final}
2020-10-18 18:02:43 INFO  Dialect:170 - HHH000400: Using dialect: org.hibernate.dialect.MySQL5Dialect
2020-10-18 18:02:43 DEBUG SQL:128 - 
    
    drop table if exists User
2020-10-18 18:02:43 DEBUG SQL:128 - 
    
    create table User (
       id bigint not null auto_increment,
        email varchar(255),
        name varchar(255),
        primary key (id)
    ) engine=MyISAM
2020-10-18 18:02:43 INFO  JtaPlatformInitiator:52 - HHH000490: Using JtaPlatform implementation: [org.hibernate.engine.transaction.jta.platform.internal.NoJtaPlatform]
2020-10-18 18:02:43 INFO  UserDaoImpl:22 - Calling method add for User(id=null, name=testUser1, email=tes@i.ua)
2020-10-18 18:02:43 DEBUG SQL:128 - 
    insert 
    into
        User
        (email, name) 
    values
        (?, ?)
2020-10-18 18:02:43 INFO  UserDaoImpl:29 - Insert successful for User(id=1, name=testUser1, email=tes@i.ua)
2020-10-18 18:02:43 INFO  UserDaoImpl:22 - Calling method add for User(id=null, name=Bob1, email=1@i.ua)
2020-10-18 18:02:43 DEBUG SQL:128 - 
    insert 
    into
        User
        (email, name) 
    values
        (?, ?)
2020-10-18 18:02:43 INFO  UserDaoImpl:29 - Insert successful for User(id=2, name=Bob1, email=1@i.ua)
2020-10-18 18:02:43 INFO  UserDaoImpl:22 - Calling method add for User(id=null, name=Bob2, email=2@i.ua)
2020-10-18 18:02:43 DEBUG SQL:128 - 
    insert 
    into
        User
        (email, name) 
    values
        (?, ?)
2020-10-18 18:02:43 INFO  UserDaoImpl:29 - Insert successful for User(id=3, name=Bob2, email=2@i.ua)
2020-10-18 18:02:43 INFO  UserDaoImpl:22 - Calling method add for User(id=null, name=Bob3, email=3@i.ua)
2020-10-18 18:02:43 DEBUG SQL:128 - 
    insert 
    into
        User
        (email, name) 
    values
        (?, ?)
2020-10-18 18:02:43 INFO  UserDaoImpl:29 - Insert successful for User(id=4, name=Bob3, email=3@i.ua)
2020-10-18 18:02:43 INFO  UserDaoImpl:22 - Calling method add for User(id=null, name=Bob4, email=4@i.ua)
2020-10-18 18:02:43 DEBUG SQL:128 - 
    insert 
    into
        User
        (email, name) 
    values
        (?, ?)
2020-10-18 18:02:43 INFO  UserDaoImpl:29 - Insert successful for User(id=5, name=Bob4, email=4@i.ua)
2020-10-18 18:02:43 INFO  UserDaoImpl:45 - Calling method listUsers()
2020-10-18 18:02:44 DEBUG SQL:128 - 
    select
        user0_.id as id1_0_,
        user0_.email as email2_0_,
        user0_.name as name3_0_ 
    from
        User user0_
2020-10-18 18:02:44 INFO  Main:1510 - User(id=1, name=testUser1, email=tes@i.ua)
2020-10-18 18:02:44 INFO  Main:1510 - User(id=2, name=Bob1, email=1@i.ua)
2020-10-18 18:02:44 INFO  Main:1510 - User(id=3, name=Bob2, email=2@i.ua)
2020-10-18 18:02:44 INFO  Main:1510 - User(id=4, name=Bob3, email=3@i.ua)
2020-10-18 18:02:44 INFO  Main:1510 - User(id=5, name=Bob4, email=4@i.ua)
2020-10-18 18:04:16 INFO  Version:44 - HHH000412: Hibernate ORM core version 5.4.21.Final
2020-10-18 18:04:16 INFO  Version:49 - HCANN000001: Hibernate Commons Annotations {5.1.0.Final}
2020-10-18 18:04:17 INFO  Dialect:170 - HHH000400: Using dialect: org.hibernate.dialect.MySQL5Dialect
2020-10-18 18:04:17 DEBUG SQL:128 - 
    
    drop table if exists User
2020-10-18 18:04:17 DEBUG SQL:128 - 
    
    create table User (
       id bigint not null auto_increment,
        email varchar(255),
        name varchar(255),
        primary key (id)
    ) engine=MyISAM
2020-10-18 18:04:17 INFO  JtaPlatformInitiator:52 - HHH000490: Using JtaPlatform implementation: [org.hibernate.engine.transaction.jta.platform.internal.NoJtaPlatform]
2020-10-18 18:04:17 INFO  UserDaoImpl:22 - Calling method add for User(id=null, name=testUser1, email=tes@i.ua)
2020-10-18 18:04:17 DEBUG SQL:128 - 
    insert 
    into
        User
        (email, name) 
    values
        (?, ?)
2020-10-18 18:04:17 INFO  UserDaoImpl:29 - Insert successful for User(id=1, name=testUser1, email=tes@i.ua)
2020-10-18 18:04:17 INFO  UserDaoImpl:22 - Calling method add for User(id=null, name=Bob1, email=1@i.ua)
2020-10-18 18:04:17 DEBUG SQL:128 - 
    insert 
    into
        User
        (email, name) 
    values
        (?, ?)
2020-10-18 18:04:17 INFO  UserDaoImpl:29 - Insert successful for User(id=2, name=Bob1, email=1@i.ua)
2020-10-18 18:04:17 INFO  UserDaoImpl:22 - Calling method add for User(id=null, name=Bob2, email=2@i.ua)
2020-10-18 18:04:17 DEBUG SQL:128 - 
    insert 
    into
        User
        (email, name) 
    values
        (?, ?)
2020-10-18 18:04:17 INFO  UserDaoImpl:29 - Insert successful for User(id=3, name=Bob2, email=2@i.ua)
2020-10-18 18:04:17 INFO  UserDaoImpl:22 - Calling method add for User(id=null, name=Bob3, email=3@i.ua)
2020-10-18 18:04:17 DEBUG SQL:128 - 
    insert 
    into
        User
        (email, name) 
    values
        (?, ?)
2020-10-18 18:04:17 INFO  UserDaoImpl:29 - Insert successful for User(id=4, name=Bob3, email=3@i.ua)
2020-10-18 18:04:17 INFO  UserDaoImpl:22 - Calling method add for User(id=null, name=Bob4, email=4@i.ua)
2020-10-18 18:04:17 DEBUG SQL:128 - 
    insert 
    into
        User
        (email, name) 
    values
        (?, ?)
2020-10-18 18:04:17 INFO  UserDaoImpl:29 - Insert successful for User(id=5, name=Bob4, email=4@i.ua)
2020-10-18 18:04:17 INFO  UserDaoImpl:45 - Calling method listUsers()
2020-10-18 18:04:18 DEBUG SQL:128 - 
    select
        user0_.id as id1_0_,
        user0_.email as email2_0_,
        user0_.name as name3_0_ 
    from
        User user0_
2020-10-18 18:04:18 INFO  Main:1510 - User(id=1, name=testUser1, email=tes@i.ua)
2020-10-18 18:04:18 INFO  Main:1510 - User(id=2, name=Bob1, email=1@i.ua)
2020-10-18 18:04:18 INFO  Main:1510 - User(id=3, name=Bob2, email=2@i.ua)
2020-10-18 18:04:18 INFO  Main:1510 - User(id=4, name=Bob3, email=3@i.ua)
2020-10-18 18:04:18 INFO  Main:1510 - User(id=5, name=Bob4, email=4@i.ua)
2020-10-18 18:29:42 INFO  Version:44 - HHH000412: Hibernate ORM core version 5.4.21.Final
2020-10-18 18:29:43 INFO  Version:49 - HCANN000001: Hibernate Commons Annotations {5.1.0.Final}
2020-10-18 18:29:45 INFO  Dialect:170 - HHH000400: Using dialect: org.hibernate.dialect.MySQL5Dialect
2020-10-18 18:29:47 DEBUG SQL:128 - 
    
    drop table if exists User
2020-10-18 18:29:47 DEBUG SQL:128 - 
    
    create table User (
       id bigint not null auto_increment,
        email varchar(255),
        name varchar(255),
        primary key (id)
    ) engine=MyISAM
2020-10-18 18:29:47 INFO  JtaPlatformInitiator:52 - HHH000490: Using JtaPlatform implementation: [org.hibernate.engine.transaction.jta.platform.internal.NoJtaPlatform]
2020-10-18 18:29:47 INFO  UserDaoImpl:22 - Calling method add for User(id=null, name=testUser1, email=tes@i.ua)
2020-10-18 18:29:47 DEBUG SQL:128 - 
    insert 
    into
        User
        (email, name) 
    values
        (?, ?)
2020-10-18 18:29:47 INFO  UserDaoImpl:29 - Insert successful for User(id=1, name=testUser1, email=tes@i.ua)
2020-10-18 18:29:47 INFO  UserDaoImpl:22 - Calling method add for User(id=null, name=Bob1, email=1@i.ua)
2020-10-18 18:29:47 DEBUG SQL:128 - 
    insert 
    into
        User
        (email, name) 
    values
        (?, ?)
2020-10-18 18:29:47 INFO  UserDaoImpl:29 - Insert successful for User(id=2, name=Bob1, email=1@i.ua)
2020-10-18 18:29:47 INFO  UserDaoImpl:22 - Calling method add for User(id=null, name=Bob2, email=2@i.ua)
2020-10-18 18:29:47 DEBUG SQL:128 - 
    insert 
    into
        User
        (email, name) 
    values
        (?, ?)
2020-10-18 18:29:47 INFO  UserDaoImpl:29 - Insert successful for User(id=3, name=Bob2, email=2@i.ua)
2020-10-18 18:29:47 INFO  UserDaoImpl:22 - Calling method add for User(id=null, name=Bob3, email=3@i.ua)
2020-10-18 18:29:47 DEBUG SQL:128 - 
    insert 
    into
        User
        (email, name) 
    values
        (?, ?)
2020-10-18 18:29:47 INFO  UserDaoImpl:29 - Insert successful for User(id=4, name=Bob3, email=3@i.ua)
2020-10-18 18:29:47 INFO  UserDaoImpl:22 - Calling method add for User(id=null, name=Bob4, email=4@i.ua)
2020-10-18 18:29:47 DEBUG SQL:128 - 
    insert 
    into
        User
        (email, name) 
    values
        (?, ?)
2020-10-18 18:29:47 INFO  UserDaoImpl:29 - Insert successful for User(id=5, name=Bob4, email=4@i.ua)
2020-10-18 18:29:47 INFO  UserDaoImpl:45 - Calling method listUsers()
2020-10-18 18:29:47 DEBUG SQL:128 - 
    select
        user0_.id as id1_0_,
        user0_.email as email2_0_,
        user0_.name as name3_0_ 
    from
        User user0_
2020-10-18 18:29:47 INFO  Main:1510 - User(id=1, name=testUser1, email=tes@i.ua)
2020-10-18 18:29:47 INFO  Main:1510 - User(id=2, name=Bob1, email=1@i.ua)
2020-10-18 18:29:47 INFO  Main:1510 - User(id=3, name=Bob2, email=2@i.ua)
2020-10-18 18:29:47 INFO  Main:1510 - User(id=4, name=Bob3, email=3@i.ua)
2020-10-18 18:29:47 INFO  Main:1510 - User(id=5, name=Bob4, email=4@i.ua)
2020-10-18 18:30:39 INFO  Version:44 - HHH000412: Hibernate ORM core version 5.4.21.Final
2020-10-18 18:30:40 INFO  Version:49 - HCANN000001: Hibernate Commons Annotations {5.1.0.Final}
2020-10-18 18:30:41 INFO  Dialect:170 - HHH000400: Using dialect: org.hibernate.dialect.MySQL5Dialect
2020-10-18 18:30:43 DEBUG SQL:128 - 
    
    drop table if exists User
2020-10-18 18:30:43 DEBUG SQL:128 - 
    
    create table User (
       id bigint not null auto_increment,
        email varchar(255),
        name varchar(255),
        primary key (id)
    ) engine=MyISAM
2020-10-18 18:30:43 INFO  JtaPlatformInitiator:52 - HHH000490: Using JtaPlatform implementation: [org.hibernate.engine.transaction.jta.platform.internal.NoJtaPlatform]
2020-10-18 18:30:43 INFO  UserDaoImpl:22 - Calling method add for User(id=null, name=testUser1, email=tes@i.ua)
2020-10-18 18:30:43 DEBUG SQL:128 - 
    insert 
    into
        User
        (email, name) 
    values
        (?, ?)
2020-10-18 18:30:43 INFO  UserDaoImpl:29 - Insert successful for User(id=1, name=testUser1, email=tes@i.ua)
2020-10-18 18:30:43 INFO  UserDaoImpl:22 - Calling method add for User(id=null, name=Bob1, email=1@i.ua)
2020-10-18 18:30:43 DEBUG SQL:128 - 
    insert 
    into
        User
        (email, name) 
    values
        (?, ?)
2020-10-18 18:30:43 INFO  UserDaoImpl:29 - Insert successful for User(id=2, name=Bob1, email=1@i.ua)
2020-10-18 18:30:43 INFO  UserDaoImpl:22 - Calling method add for User(id=null, name=Bob2, email=2@i.ua)
2020-10-18 18:30:43 DEBUG SQL:128 - 
    insert 
    into
        User
        (email, name) 
    values
        (?, ?)
2020-10-18 18:30:43 INFO  UserDaoImpl:29 - Insert successful for User(id=3, name=Bob2, email=2@i.ua)
2020-10-18 18:30:43 INFO  UserDaoImpl:22 - Calling method add for User(id=null, name=Bob3, email=3@i.ua)
2020-10-18 18:30:43 DEBUG SQL:128 - 
    insert 
    into
        User
        (email, name) 
    values
        (?, ?)
2020-10-18 18:30:43 INFO  UserDaoImpl:29 - Insert successful for User(id=4, name=Bob3, email=3@i.ua)
2020-10-18 18:30:43 INFO  UserDaoImpl:22 - Calling method add for User(id=null, name=Bob4, email=4@i.ua)
2020-10-18 18:30:43 DEBUG SQL:128 - 
    insert 
    into
        User
        (email, name) 
    values
        (?, ?)
2020-10-18 18:30:43 INFO  UserDaoImpl:29 - Insert successful for User(id=5, name=Bob4, email=4@i.ua)
2020-10-18 18:30:43 INFO  UserDaoImpl:45 - Calling method listUsers()
2020-10-18 18:30:43 DEBUG SQL:128 - 
    select
        user0_.id as id1_0_,
        user0_.email as email2_0_,
        user0_.name as name3_0_ 
    from
        User user0_
2020-10-18 18:30:43 INFO  Main:1510 - User(id=1, name=testUser1, email=tes@i.ua)
2020-10-18 18:30:43 INFO  Main:1510 - User(id=2, name=Bob1, email=1@i.ua)
2020-10-18 18:30:43 INFO  Main:1510 - User(id=3, name=Bob2, email=2@i.ua)
2020-10-18 18:30:43 INFO  Main:1510 - User(id=4, name=Bob3, email=3@i.ua)
2020-10-18 18:30:43 INFO  Main:1510 - User(id=5, name=Bob4, email=4@i.ua)
2020-10-18 21:57:18 INFO  Version:44 - HHH000412: Hibernate ORM core version 5.4.21.Final
2020-10-18 21:57:18 INFO  Version:49 - HCANN000001: Hibernate Commons Annotations {5.1.0.Final}
2020-10-18 21:57:19 INFO  Dialect:170 - HHH000400: Using dialect: org.hibernate.dialect.MySQL5Dialect
2020-10-18 21:57:19 DEBUG SQL:128 - 
    
    drop table if exists User
2020-10-18 21:57:19 DEBUG SQL:128 - 
    
    create table User (
       id bigint not null auto_increment,
        email varchar(255),
        name varchar(255),
        primary key (id)
    ) engine=MyISAM
2020-10-18 21:57:19 INFO  JtaPlatformInitiator:52 - HHH000490: Using JtaPlatform implementation: [org.hibernate.engine.transaction.jta.platform.internal.NoJtaPlatform]
2020-10-18 21:57:19 INFO  UserDaoImpl:21 - Calling method add for User(id=null, name=testUser1, email=tes@i.ua)
2020-10-18 21:57:20 DEBUG SQL:128 - 
    insert 
    into
        User
        (email, name) 
    values
        (?, ?)
2020-10-18 21:57:20 INFO  UserDaoImpl:28 - Insert successful for User(id=1, name=testUser1, email=tes@i.ua)
2020-10-18 21:57:20 INFO  UserDaoImpl:21 - Calling method add for User(id=null, name=Bob1, email=1@i.ua)
2020-10-18 21:57:20 DEBUG SQL:128 - 
    insert 
    into
        User
        (email, name) 
    values
        (?, ?)
2020-10-18 21:57:20 INFO  UserDaoImpl:28 - Insert successful for User(id=2, name=Bob1, email=1@i.ua)
2020-10-18 21:57:20 INFO  UserDaoImpl:21 - Calling method add for User(id=null, name=Bob2, email=2@i.ua)
2020-10-18 21:57:20 DEBUG SQL:128 - 
    insert 
    into
        User
        (email, name) 
    values
        (?, ?)
2020-10-18 21:57:20 INFO  UserDaoImpl:28 - Insert successful for User(id=3, name=Bob2, email=2@i.ua)
2020-10-18 21:57:20 INFO  UserDaoImpl:21 - Calling method add for User(id=null, name=Bob3, email=3@i.ua)
2020-10-18 21:57:20 DEBUG SQL:128 - 
    insert 
    into
        User
        (email, name) 
    values
        (?, ?)
2020-10-18 21:57:20 INFO  UserDaoImpl:28 - Insert successful for User(id=4, name=Bob3, email=3@i.ua)
2020-10-18 21:57:20 INFO  UserDaoImpl:21 - Calling method add for User(id=null, name=Bob4, email=4@i.ua)
2020-10-18 21:57:20 DEBUG SQL:128 - 
    insert 
    into
        User
        (email, name) 
    values
        (?, ?)
2020-10-18 21:57:20 INFO  UserDaoImpl:28 - Insert successful for User(id=5, name=Bob4, email=4@i.ua)
2020-10-18 21:57:20 INFO  UserDaoImpl:44 - Calling method listUsers()
2020-10-18 21:57:20 DEBUG SQL:128 - 
    select
        user0_.id as id1_0_,
        user0_.email as email2_0_,
        user0_.name as name3_0_ 
    from
        User user0_
2020-10-18 21:57:20 INFO  Main:1510 - User(id=1, name=testUser1, email=tes@i.ua)
2020-10-18 21:57:20 INFO  Main:1510 - User(id=2, name=Bob1, email=1@i.ua)
2020-10-18 21:57:20 INFO  Main:1510 - User(id=3, name=Bob2, email=2@i.ua)
2020-10-18 21:57:20 INFO  Main:1510 - User(id=4, name=Bob3, email=3@i.ua)
2020-10-18 21:57:20 INFO  Main:1510 - User(id=5, name=Bob4, email=4@i.ua)
2020-10-19 12:33:11 INFO  Version:44 - HHH000412: Hibernate ORM core version 5.4.21.Final
2020-10-19 12:33:11 INFO  Version:49 - HCANN000001: Hibernate Commons Annotations {5.1.0.Final}
2020-10-19 12:33:12 INFO  Dialect:170 - HHH000400: Using dialect: org.hibernate.dialect.MySQL5Dialect
2020-10-19 12:33:12 DEBUG SQL:128 - 
    
    drop table if exists User
2020-10-19 12:33:12 DEBUG SQL:128 - 
    
    create table User (
       id bigint not null auto_increment,
        email varchar(255),
        name varchar(255),
        primary key (id)
    ) engine=MyISAM
2020-10-19 12:33:12 INFO  JtaPlatformInitiator:52 - HHH000490: Using JtaPlatform implementation: [org.hibernate.engine.transaction.jta.platform.internal.NoJtaPlatform]
2020-10-19 12:33:12 INFO  UserDaoImpl:26 - Calling method add for User(id=null, name=testUser1, email=tes@i.ua)
2020-10-19 12:33:13 DEBUG SQL:128 - 
    insert 
    into
        User
        (email, name) 
    values
        (?, ?)
2020-10-19 12:33:13 INFO  UserDaoImpl:33 - Insert successful for User(id=1, name=testUser1, email=tes@i.ua)
2020-10-19 12:33:13 INFO  UserDaoImpl:26 - Calling method add for User(id=null, name=Bob1, email=1@i.ua)
2020-10-19 12:33:13 DEBUG SQL:128 - 
    insert 
    into
        User
        (email, name) 
    values
        (?, ?)
2020-10-19 12:33:13 INFO  UserDaoImpl:33 - Insert successful for User(id=2, name=Bob1, email=1@i.ua)
2020-10-19 12:33:13 INFO  UserDaoImpl:26 - Calling method add for User(id=null, name=Bob2, email=2@i.ua)
2020-10-19 12:33:13 DEBUG SQL:128 - 
    insert 
    into
        User
        (email, name) 
    values
        (?, ?)
2020-10-19 12:33:13 INFO  UserDaoImpl:33 - Insert successful for User(id=3, name=Bob2, email=2@i.ua)
2020-10-19 12:33:13 INFO  UserDaoImpl:26 - Calling method add for User(id=null, name=Bob3, email=3@i.ua)
2020-10-19 12:33:13 DEBUG SQL:128 - 
    insert 
    into
        User
        (email, name) 
    values
        (?, ?)
2020-10-19 12:33:13 INFO  UserDaoImpl:33 - Insert successful for User(id=4, name=Bob3, email=3@i.ua)
2020-10-19 12:33:13 INFO  UserDaoImpl:26 - Calling method add for User(id=null, name=Bob4, email=4@i.ua)
2020-10-19 12:33:13 DEBUG SQL:128 - 
    insert 
    into
        User
        (email, name) 
    values
        (?, ?)
2020-10-19 12:33:13 INFO  UserDaoImpl:33 - Insert successful for User(id=5, name=Bob4, email=4@i.ua)
2020-10-19 12:33:13 INFO  UserDaoImpl:49 - Calling method listUsers()
2020-10-19 12:33:13 DEBUG SQL:128 - 
    select
        user0_.id as id1_0_,
        user0_.email as email2_0_,
        user0_.name as name3_0_ 
    from
        User user0_
2020-10-19 12:33:13 INFO  Main:1510 - User(id=1, name=testUser1, email=tes@i.ua)
2020-10-19 12:33:13 INFO  Main:1510 - User(id=2, name=Bob1, email=1@i.ua)
2020-10-19 12:33:13 INFO  Main:1510 - User(id=3, name=Bob2, email=2@i.ua)
2020-10-19 12:33:13 INFO  Main:1510 - User(id=4, name=Bob3, email=3@i.ua)
2020-10-19 12:33:13 INFO  Main:1510 - User(id=5, name=Bob4, email=4@i.ua)
2020-10-19 17:14:22 INFO  Version:44 - HHH000412: Hibernate ORM core version 5.4.21.Final
2020-10-19 17:14:22 INFO  Version:49 - HCANN000001: Hibernate Commons Annotations {5.1.0.Final}
2020-10-19 17:14:23 INFO  Dialect:170 - HHH000400: Using dialect: org.hibernate.dialect.MySQL5Dialect
2020-10-19 17:14:24 DEBUG SQL:128 - 
    
    drop table if exists User
2020-10-19 17:14:24 DEBUG SQL:128 - 
    
    create table User (
       id bigint not null auto_increment,
        email varchar(255),
        name varchar(255),
        primary key (id)
    ) engine=MyISAM
2020-10-19 17:14:24 INFO  JtaPlatformInitiator:52 - HHH000490: Using JtaPlatform implementation: [org.hibernate.engine.transaction.jta.platform.internal.NoJtaPlatform]
2020-10-19 17:14:24 INFO  UserDaoImpl:26 - Calling method add for User(id=null, name=testUser1, email=tes@i.ua)
2020-10-19 17:14:24 DEBUG SQL:128 - 
    insert 
    into
        User
        (email, name) 
    values
        (?, ?)
2020-10-19 17:14:24 INFO  UserDaoImpl:33 - Insert successful for User(id=1, name=testUser1, email=tes@i.ua)
2020-10-19 17:14:24 INFO  UserDaoImpl:26 - Calling method add for User(id=null, name=Bob1, email=1@i.ua)
2020-10-19 17:14:24 DEBUG SQL:128 - 
    insert 
    into
        User
        (email, name) 
    values
        (?, ?)
2020-10-19 17:14:24 INFO  UserDaoImpl:33 - Insert successful for User(id=2, name=Bob1, email=1@i.ua)
2020-10-19 17:14:24 INFO  UserDaoImpl:26 - Calling method add for User(id=null, name=Bob2, email=2@i.ua)
2020-10-19 17:14:24 DEBUG SQL:128 - 
    insert 
    into
        User
        (email, name) 
    values
        (?, ?)
2020-10-19 17:14:24 INFO  UserDaoImpl:33 - Insert successful for User(id=3, name=Bob2, email=2@i.ua)
2020-10-19 17:14:24 INFO  UserDaoImpl:26 - Calling method add for User(id=null, name=Bob3, email=3@i.ua)
2020-10-19 17:14:24 DEBUG SQL:128 - 
    insert 
    into
        User
        (email, name) 
    values
        (?, ?)
2020-10-19 17:14:24 INFO  UserDaoImpl:33 - Insert successful for User(id=4, name=Bob3, email=3@i.ua)
2020-10-19 17:14:24 INFO  UserDaoImpl:26 - Calling method add for User(id=null, name=Bob4, email=4@i.ua)
2020-10-19 17:14:24 DEBUG SQL:128 - 
    insert 
    into
        User
        (email, name) 
    values
        (?, ?)
2020-10-19 17:14:24 INFO  UserDaoImpl:33 - Insert successful for User(id=5, name=Bob4, email=4@i.ua)
2020-10-19 17:14:24 INFO  UserDaoImpl:49 - Calling method listUsers()
2020-10-19 17:14:24 DEBUG SQL:128 - 
    select
        user0_.id as id1_0_,
        user0_.email as email2_0_,
        user0_.name as name3_0_ 
    from
        User user0_
2020-10-19 17:14:24 INFO  Main:1510 - User(id=1, name=testUser1, email=tes@i.ua)
2020-10-19 17:14:24 INFO  Main:1510 - User(id=2, name=Bob1, email=1@i.ua)
2020-10-19 17:14:24 INFO  Main:1510 - User(id=3, name=Bob2, email=2@i.ua)
2020-10-19 17:14:24 INFO  Main:1510 - User(id=4, name=Bob3, email=3@i.ua)
2020-10-19 17:14:24 INFO  Main:1510 - User(id=5, name=Bob4, email=4@i.ua)
